<?xml version="1.0" encoding="UTF-8" ?>
<testsuite errors="1" failures="0" hostname="Anonymous-PC" name="${testcase}" tests="1" time="0.0" timestamp="2012-03-09T20:49:28">
  <properties>
    <property name="java.vendor" value="Sun Microsystems Inc." />
    <property name="coverage.summaryxml.dir" value="reports/cobertura-summary-xml" />
    <property name="sun.java.launcher" value="SUN_STANDARD" />
    <property name="sun.management.compiler" value="HotSpot Client Compiler" />
    <property name="os.name" value="Windows 7" />
    <property name="sun.boot.class.path" value="C:\Program Files\Java\jdk1.6.0_17\jre\lib\resources.jar;C:\Program Files\Java\jdk1.6.0_17\jre\lib\rt.jar;C:\Program Files\Java\jdk1.6.0_17\jre\lib\sunrsasign.jar;C:\Program Files\Java\jdk1.6.0_17\jre\lib\jsse.jar;C:\Program Files\Java\jdk1.6.0_17\jre\lib\jce.jar;C:\Program Files\Java\jdk1.6.0_17\jre\lib\charsets.jar;C:\Program Files\Java\jdk1.6.0_17\jre\classes" />
    <property name="reports.html.dir" value="reports/junit-html" />
    <property name="sun.desktop" value="windows" />
    <property name="src.dir.test" value="../SMATest/src" />
    <property name="java.vm.specification.vendor" value="Sun Microsystems Inc." />
    <property name="test.failed" value="true" />
    <property name="ant.home" value="c:\ant\bin\.." />
    <property name="java.runtime.version" value="1.6.0_17-b04" />
    <property name="ant.file.type.cobertura.test.sma" value="file" />
    <property name="cobertura.dir" value="." />
    <property name="user.name" value="Anonymous" />
    <property name="user.language" value="en" />
    <property name="sun.boot.library.path" value="C:\Program Files\Java\jdk1.6.0_17\jre\bin" />
    <property name="reports.dir" value="reports" />
    <property name="ant.project.default-target" value="coverage" />
    <property name="ant.project.name" value="cobertura.test.sma" />
    <property name="java.version" value="1.6.0_17" />
    <property name="coverage.html.dir" value="reports/cobertura-html" />
    <property name="user.timezone" value="" />
    <property name="sun.arch.data.model" value="32" />
    <property name="java.endorsed.dirs" value="C:\Program Files\Java\jdk1.6.0_17\jre\lib\endorsed" />
    <property name="sun.cpu.isalist" value="pentium_pro+mmx pentium_pro pentium+mmx pentium i486 i386 i86" />
    <property name="sun.jnu.encoding" value="Cp1252" />
    <property name="file.encoding.pkg" value="sun.io" />
    <property name="file.separator" value="\" />
    <property name="java.specification.name" value="Java Platform API Specification" />
    <property name="classes.dir" value="classes" />
    <property name="java.class.version" value="50.0" />
    <property name="user.country" value="US" />
    <property name="java.home" value="C:\Program Files\Java\jdk1.6.0_17\jre" />
    <property name="java.vm.info" value="mixed mode, sharing" />
    <property name="ant.file" value="G:\ISIMA\ISIMA ZZ2 F2\Mes projets JAVA\SMA\build.xml" />
    <property name="os.version" value="6.1" />
    <property name="path.separator" value=";" />
    <property name="java.vm.version" value="14.3-b01" />
    <property name="user.variant" value="" />
    <property name="ant.library.dir" value="C:\ant\lib" />
    <property name="java.awt.printerjob" value="sun.awt.windows.WPrinterJob" />
    <property name="sun.io.unicode.encoding" value="UnicodeLittle" />
    <property name="awt.toolkit" value="sun.awt.windows.WToolkit" />
    <property name="reports.xml.dir" value="reports/junit-xml" />
    <property name="user.home" value="C:\Users\Anonymous" />
    <property name="java.specification.vendor" value="Sun Microsystems Inc." />
    <property name="coverage.xml.dir" value="reports/cobertura-xml" />
    <property name="java.library.path" value="C:\Program Files\Java\jdk1.6.0_17\jre\bin;.;C:\Windows\Sun\Java\bin;C:\Windows\system32;C:\Windows;C:\Program Files\Common Files\Microsoft Shared\Windows Live;C:\Windows\system32;C:\Windows;C:\Windows\System32\Wbem;C:\Windows\System32\WindowsPowerShell\v1.0\;C:\Program Files\QuickTime\QTSystem\;C:\Program Files\Windows Live\Shared;c:\ant\bin;C:\Program Files\Java\jre6\bin;C:\Program Files\Java\jdk1.6.0_17\bin;C:\Program Files\Graphviz 2.28\bin;C:\Program Files\Microsoft SQL Server\100\Tools\Binn\;C:\Program Files\Microsoft SQL Server\100\DTS\Binn\" />
    <property name="java.vendor.url" value="http://java.sun.com/" />
    <property name="java.vm.vendor" value="Sun Microsystems Inc." />
    <property name="java.runtime.name" value="Java(TM) SE Runtime Environment" />
    <property name="java.class.path" value="G:\ISIMA\ISIMA ZZ2 F2\Mes projets JAVA\SMA\instrumented;G:\ISIMA\ISIMA ZZ2 F2\Mes projets JAVA\SMA\classes;G:\ISIMA\ISIMA ZZ2 F2\Mes projets JAVA\SMA\cobertura.jar;G:\ISIMA\ISIMA ZZ2 F2\Mes projets JAVA\SMA\lib\asm-3.0.jar;G:\ISIMA\ISIMA ZZ2 F2\Mes projets JAVA\SMA\lib\asm-tree-3.0.jar;G:\ISIMA\ISIMA ZZ2 F2\Mes projets JAVA\SMA\lib\jakarta-oro-2.0.8.jar;G:\ISIMA\ISIMA ZZ2 F2\Mes projets JAVA\SMA\lib\jcommon-1.0.17.jar;G:\ISIMA\ISIMA ZZ2 F2\Mes projets JAVA\SMA\lib\jfreechart-1.0.14-swt.jar;G:\ISIMA\ISIMA ZZ2 F2\Mes projets JAVA\SMA\lib\jfreechart-1.0.14.jar;G:\ISIMA\ISIMA ZZ2 F2\Mes projets JAVA\SMA\lib\jfreechart.jar;G:\ISIMA\ISIMA ZZ2 F2\Mes projets JAVA\SMA\lib\junit.jar;G:\ISIMA\ISIMA ZZ2 F2\Mes projets JAVA\SMA\lib\log4j-1.2.9.jar;G:\ISIMA\ISIMA ZZ2 F2\Mes projets JAVA\SMA\lib\looks-2.1.4.jar;G:\ISIMA\ISIMA ZZ2 F2\Mes projets JAVA\SMA\lib\servlet.jar;G:\ISIMA\ISIMA ZZ2 F2\Mes projets JAVA\SMA\lib\swing-layout.jar;G:\ISIMA\ISIMA ZZ2 F2\Mes projets JAVA\SMA\lib\swtgraphics2d.jar;G:\ISIMA\ISIMA ZZ2 F2\Mes projets JAVA\SMA;C:\Program Files\Java\jre6\lib\ext\QTJava.zip;C:\ant\lib\ant-launcher.jar;C:\ant\lib\ant.jar;C:\ant\lib\ant-junit.jar;C:\ant\lib\ant-junit4.jar" />
    <property name="ant.version" value="Apache Ant(TM) version 1.8.2 compiled on December 20 2010" />
    <property name="java.vm.specification.name" value="Java Virtual Machine Specification" />
    <property name="ant.file.type" value="file" />
    <property name="java.vm.specification.version" value="1.0" />
    <property name="sun.cpu.endian" value="little" />
    <property name="sun.os.patch.level" value="Service Pack 1" />
    <property name="java.io.tmpdir" value="C:\Users\ANONYM~1\AppData\Local\Temp\" />
    <property name="java.vendor.url.bug" value="http://java.sun.com/cgi-bin/bugreport.cgi" />
    <property name="os.arch" value="x86" />
    <property name="java.awt.graphicsenv" value="sun.awt.Win32GraphicsEnvironment" />
    <property name="instrumented.dir" value="instrumented" />
    <property name="java.ext.dirs" value="C:\Program Files\Java\jdk1.6.0_17\jre\lib\ext;C:\Windows\Sun\Java\lib\ext" />
    <property name="user.dir" value="G:\ISIMA\ISIMA ZZ2 F2\Mes projets JAVA\SMA" />
    <property name="line.separator" value="&#xd;&#xa;" />
    <property name="java.vm.name" value="Java HotSpot(TM) Client VM" />
    <property name="basedir" value="G:\ISIMA\ISIMA ZZ2 F2\Mes projets JAVA\SMA" />
    <property name="ant.java.version" value="1.6" />
    <property name="ant.core.lib" value="C:\ant\lib\ant.jar" />
    <property name="file.encoding" value="Cp1252" />
    <property name="ant.file.cobertura.test.sma" value="G:\ISIMA\ISIMA ZZ2 F2\Mes projets JAVA\SMA\build.xml" />
    <property name="java.specification.version" value="1.6" />
    <property name="src.dir" value="src" />
    <property name="ant.project.invoked-targets" value="coverage" />
  </properties>
  <error message="${testcase}" type="java.lang.ClassNotFoundException">java.lang.ClassNotFoundException: ${testcase}
	at java.net.URLClassLoader$1.run(URLClassLoader.java:200)
	at java.security.AccessController.doPrivileged(Native Method)
	at java.net.URLClassLoader.findClass(URLClassLoader.java:188)
	at java.lang.ClassLoader.loadClass(ClassLoader.java:303)
	at sun.misc.Launcher$AppClassLoader.loadClass(Launcher.java:301)
	at java.lang.ClassLoader.loadClass(ClassLoader.java:248)
	at java.lang.ClassLoader.loadClassInternal(ClassLoader.java:316)
	at java.lang.Class.forName0(Native Method)
	at java.lang.Class.forName(Class.java:169)
</error>
  <system-out><![CDATA[]]></system-out>
  <system-err><![CDATA[]]></system-err>
</testsuite>
